This is pdfTeX, Version 3.14159265-2.6-1.40.16 (MiKTeX 2.9 64-bit) (preloaded format=pdflatex 2015.11.28)  3 DEC 2015 16:24
entering extended mode
**C:/Users/anusha/Documents/GitHub/ME7160_Project1_KAS/Report/report.tex
(C:/Users/anusha/Documents/GitHub/ME7160_Project1_KAS/Report/report.tex
LaTeX2e <2015/10/01> patch level 2
Babel <3.9m> and hyphenation patterns for 69 languages loaded.
("C:\Program Files\MiKTeX 2.9\tex\latex\extsizes\extarticle.cls"
Document Class: extarticle 1996/10/08 v1.0 Non Standard LaTeX document class
("C:\Program Files\MiKTeX 2.9\tex\latex\base\size12.clo"
File: size12.clo 2014/09/29 v1.4h Standard LaTeX file (size option)
)
("C:\Program Files\MiKTeX 2.9\tex\latex\base\exscale.sty"
Package: exscale 2014/09/29 v2.1h Standard LaTeX package exscale
LaTeX Font Info:    Redeclaring symbol font `largesymbols' on input line 57.
LaTeX Font Info:    Overwriting symbol font `largesymbols' in version `normal'
(Font)                  OMX/cmex/m/n --> OMX/cmex/m/n on input line 57.
LaTeX Font Info:    Overwriting symbol font `largesymbols' in version `bold'
(Font)                  OMX/cmex/m/n --> OMX/cmex/m/n on input line 57.
\big@size=\dimen102
)
\c@part=\count79
\c@section=\count80
\c@subsection=\count81
\c@subsubsection=\count82
\c@paragraph=\count83
\c@subparagraph=\count84
\c@figure=\count85
\c@table=\count86
\abovecaptionskip=\skip41
\belowcaptionskip=\skip42
\bibindent=\dimen103
)
("C:\Program Files\MiKTeX 2.9\tex\latex\geometry\geometry.sty"
Package: geometry 2010/09/12 v5.6 Page Geometry

("C:\Program Files\MiKTeX 2.9\tex\latex\graphics\keyval.sty"
Package: keyval 2014/10/28 v1.15 key=value parser (DPC)
\KV@toks@=\toks14
)
("C:\Program Files\MiKTeX 2.9\tex\generic\oberdiek\ifpdf.sty"
Package: ifpdf 2011/01/30 v2.3 Provides the ifpdf switch (HO)
Package ifpdf Info: pdfTeX in PDF mode is detected.
)
("C:\Program Files\MiKTeX 2.9\tex\generic\oberdiek\ifvtex.sty"
Package: ifvtex 2010/03/01 v1.5 Detect VTeX and its facilities (HO)
Package ifvtex Info: VTeX not detected.
)
("C:\Program Files\MiKTeX 2.9\tex\generic\ifxetex\ifxetex.sty"
Package: ifxetex 2010/09/12 v0.6 Provides ifxetex conditional
)
\Gm@cnth=\count87
\Gm@cntv=\count88
\c@Gm@tempcnt=\count89
\Gm@bindingoffset=\dimen104
\Gm@wd@mp=\dimen105
\Gm@odd@mp=\dimen106
\Gm@even@mp=\dimen107
\Gm@layoutwidth=\dimen108
\Gm@layoutheight=\dimen109
\Gm@layouthoffset=\dimen110
\Gm@layoutvoffset=\dimen111
\Gm@dimlist=\toks15

("C:\Program Files\MiKTeX 2.9\tex\latex\geometry\geometry.cfg"))
("C:\Program Files\MiKTeX 2.9\tex\latex\graphics\graphicx.sty"
Package: graphicx 2014/10/28 v1.0g Enhanced LaTeX Graphics (DPC,SPQR)

("C:\Program Files\MiKTeX 2.9\tex\latex\graphics\graphics.sty"
Package: graphics 2014/10/28 v1.0p Standard LaTeX Graphics (DPC,SPQR)

("C:\Program Files\MiKTeX 2.9\tex\latex\graphics\trig.sty"
Package: trig 1999/03/16 v1.09 sin cos tan (DPC)
)
("C:\Program Files\MiKTeX 2.9\tex\latex\00miktex\graphics.cfg"
File: graphics.cfg 2007/01/18 v1.5 graphics configuration of teTeX/TeXLive
)
Package graphics Info: Driver file: pdftex.def on input line 94.

("C:\Program Files\MiKTeX 2.9\tex\latex\pdftex-def\pdftex.def"
File: pdftex.def 2011/05/27 v0.06d Graphics/color for pdfTeX

("C:\Program Files\MiKTeX 2.9\tex\generic\oberdiek\infwarerr.sty"
Package: infwarerr 2010/04/08 v1.3 Providing info/warning/error messages (HO)
)
("C:\Program Files\MiKTeX 2.9\tex\generic\oberdiek\ltxcmds.sty"
Package: ltxcmds 2011/11/09 v1.22 LaTeX kernel commands for general use (HO)
)
\Gread@gobject=\count90
))
\Gin@req@height=\dimen112
\Gin@req@width=\dimen113
)
("C:\Program Files\MiKTeX 2.9\tex\latex\float\float.sty"
Package: float 2001/11/08 v1.3d Float enhancements (AL)
\c@float@type=\count91
\float@exts=\toks16
\float@box=\box26
\@float@everytoks=\toks17
\@floatcapt=\box27
)
("C:\Program Files\MiKTeX 2.9\tex\latex\preprint\authblk.sty"
Package: authblk 2001/02/27 1.3 (PWD)
\affilsep=\skip43
\@affilsep=\skip44
\c@Maxaffil=\count92
\c@authors=\count93
\c@affil=\count94
)
("C:\Program Files\MiKTeX 2.9\tex\latex\amsmath\amsmath.sty"
Package: amsmath 2013/01/14 v2.14 AMS math features
\@mathmargin=\skip45

For additional information on amsmath, use the `?' option.
("C:\Program Files\MiKTeX 2.9\tex\latex\amsmath\amstext.sty"
Package: amstext 2000/06/29 v2.01

("C:\Program Files\MiKTeX 2.9\tex\latex\amsmath\amsgen.sty"
File: amsgen.sty 1999/11/30 v2.0
\@emptytoks=\toks18
\ex@=\dimen114
))
("C:\Program Files\MiKTeX 2.9\tex\latex\amsmath\amsbsy.sty"
Package: amsbsy 1999/11/29 v1.2d
\pmbraise@=\dimen115
)
("C:\Program Files\MiKTeX 2.9\tex\latex\amsmath\amsopn.sty"
Package: amsopn 1999/12/14 v2.01 operator names
)
\inf@bad=\count95
LaTeX Info: Redefining \frac on input line 210.
\uproot@=\count96
\leftroot@=\count97
LaTeX Info: Redefining \overline on input line 306.
\classnum@=\count98
\DOTSCASE@=\count99
LaTeX Info: Redefining \ldots on input line 378.
LaTeX Info: Redefining \dots on input line 381.
LaTeX Info: Redefining \cdots on input line 466.
\Mathstrutbox@=\box28
\strutbox@=\box29
\big@size=\dimen116
LaTeX Font Info:    Redeclaring font encoding OML on input line 566.
LaTeX Font Info:    Redeclaring font encoding OMS on input line 567.
\macc@depth=\count100
\c@MaxMatrixCols=\count101
\dotsspace@=\muskip10
\c@parentequation=\count102
\dspbrk@lvl=\count103
\tag@help=\toks19
\row@=\count104
\column@=\count105
\maxfields@=\count106
\andhelp@=\toks20
\eqnshift@=\dimen117
\alignsep@=\dimen118
\tagshift@=\dimen119
\tagwidth@=\dimen120
\totwidth@=\dimen121
\lineht@=\dimen122
\@envbody=\toks21
\multlinegap=\skip46
\multlinetaggap=\skip47
\mathdisplay@stack=\toks22
LaTeX Info: Redefining \[ on input line 2665.
LaTeX Info: Redefining \] on input line 2666.
)
("C:\Program Files\MiKTeX 2.9\tex\latex\mathtools\mathtools.sty"
Package: mathtools 2015/11/12 v1.18 mathematical typesetting tools

("C:\Program Files\MiKTeX 2.9\tex\latex\tools\calc.sty"
Package: calc 2014/10/28 v4.3 Infix arithmetic (KKT,FJ)
\calc@Acount=\count107
\calc@Bcount=\count108
\calc@Adimen=\dimen123
\calc@Bdimen=\dimen124
\calc@Askip=\skip48
\calc@Bskip=\skip49
LaTeX Info: Redefining \setlength on input line 80.
LaTeX Info: Redefining \addtolength on input line 81.
\calc@Ccount=\count109
\calc@Cskip=\skip50
)
("C:\Program Files\MiKTeX 2.9\tex\latex\mathtools\mhsetup.sty"
Package: mhsetup 2010/01/21 v1.2a programming setup (MH)
)
LaTeX Info: Thecontrolsequence`\('isalreadyrobust on input line 129.
LaTeX Info: Thecontrolsequence`\)'isalreadyrobust on input line 129.
LaTeX Info: Thecontrolsequence`\['isalreadyrobust on input line 129.
LaTeX Info: Thecontrolsequence`\]'isalreadyrobust on input line 129.
\g_MT_multlinerow_int=\count110
\l_MT_multwidth_dim=\dimen125
\origjot=\skip51
\l_MT_shortvdotswithinadjustabove_dim=\dimen126
\l_MT_shortvdotswithinadjustbelow_dim=\dimen127
\l_MT_above_intertext_sep=\dimen128
\l_MT_below_intertext_sep=\dimen129
\l_MT_above_shortintertext_sep=\dimen130
\l_MT_below_shortintertext_sep=\dimen131
)
("C:\Program Files\MiKTeX 2.9\tex\latex\caption\caption.sty"
Package: caption 2015/09/17 v3.3-111 Customizing captions (AR)

("C:\Program Files\MiKTeX 2.9\tex\latex\caption\caption3.sty"
Package: caption3 2015/09/20 v1.7-115 caption3 kernel (AR)
Package caption3 Info: TeX engine: e-TeX on input line 57.
\captionmargin=\dimen132
\captionmargin@=\dimen133
\captionwidth=\dimen134
\caption@tempdima=\dimen135
\caption@indent=\dimen136
\caption@parindent=\dimen137
\caption@hangindent=\dimen138
)
\c@ContinuedFloat=\count111
Package caption Info: float package is loaded.
)
("C:\Program Files\MiKTeX 2.9\tex\latex\caption\subcaption.sty"
Package: subcaption 2015/09/15 v1.1-100 Sub-captions (AR)
\c@subfigure=\count112
\c@subtable=\count113
)
("C:\Program Files\MiKTeX 2.9\tex\latex\wasysym\wasysym.sty"
Package: wasysym 2003/10/30 v2.0 Wasy-2 symbol support package
\symwasy=\mathgroup4
LaTeX Font Info:    Overwriting symbol font `wasy' in version `bold'
(Font)                  U/wasy/m/n --> U/wasy/b/n on input line 90.
)
("C:\Program Files\MiKTeX 2.9\tex\latex\listings\listings.sty"
\lst@mode=\count114
\lst@gtempboxa=\box30
\lst@token=\toks23
\lst@length=\count115
\lst@currlwidth=\dimen139
\lst@column=\count116
\lst@pos=\count117
\lst@lostspace=\dimen140
\lst@width=\dimen141
\lst@newlines=\count118
\lst@lineno=\count119
\lst@maxwidth=\dimen142

("C:\Program Files\MiKTeX 2.9\tex\latex\listings\lstmisc.sty"
File: lstmisc.sty 2015/06/04 1.6 (Carsten Heinz)
\c@lstnumber=\count120
\lst@skipnumbers=\count121
\lst@framebox=\box31
)
("C:\Program Files\MiKTeX 2.9\tex\latex\listings\listings.cfg"
File: listings.cfg 2015/06/04 1.6 listings configuration
))
Package: listings 2015/06/04 1.6 (Carsten Heinz)

("C:\Program Files\MiKTeX 2.9\tex\latex\graphics\color.sty"
Package: color 2014/10/28 v1.1a Standard LaTeX Color (DPC)

("C:\Program Files\MiKTeX 2.9\tex\latex\00miktex\color.cfg"
File: color.cfg 2007/01/18 v1.5 color configuration of teTeX/TeXLive
)
Package color Info: Driver file: pdftex.def on input line 142.
)
("C:\Program Files\MiKTeX 2.9\tex\latex\multirow\multirow.sty"
\bigstrutjot=\dimen143
)
("C:\Program Files\MiKTeX 2.9\tex\latex\oberdiek\epstopdf.sty"
Package: epstopdf 2010/02/09 v2.5 Conversion with epstopdf on the fly (HO)

("C:\Program Files\MiKTeX 2.9\tex\latex\oberdiek\epstopdf-base.sty"
Package: epstopdf-base 2010/02/09 v2.5 Base part for package epstopdf

("C:\Program Files\MiKTeX 2.9\tex\latex\oberdiek\grfext.sty"
Package: grfext 2010/08/19 v1.1 Manage graphics extensions (HO)

("C:\Program Files\MiKTeX 2.9\tex\generic\oberdiek\kvdefinekeys.sty"
Package: kvdefinekeys 2011/04/07 v1.3 Define keys (HO)
))
("C:\Program Files\MiKTeX 2.9\tex\latex\oberdiek\kvoptions.sty"
Package: kvoptions 2011/06/30 v3.11 Key value format for package options (HO)

("C:\Program Files\MiKTeX 2.9\tex\generic\oberdiek\kvsetkeys.sty"
Package: kvsetkeys 2012/04/25 v1.16 Key value parser (HO)

("C:\Program Files\MiKTeX 2.9\tex\generic\oberdiek\etexcmds.sty"
Package: etexcmds 2011/02/16 v1.5 Avoid name clashes with e-TeX commands (HO)

("C:\Program Files\MiKTeX 2.9\tex\generic\oberdiek\ifluatex.sty"
Package: ifluatex 2010/03/01 v1.3 Provides the ifluatex switch (HO)
Package ifluatex Info: LuaTeX not detected.
)
Package etexcmds Info: Could not find \expanded.
(etexcmds)             That can mean that you are not using pdfTeX 1.50 or
(etexcmds)             that some package has redefined \expanded.
(etexcmds)             In the latter case, load this package earlier.
)))
("C:\Program Files\MiKTeX 2.9\tex\generic\oberdiek\pdftexcmds.sty"
Package: pdftexcmds 2011/11/29 v0.20 Utility functions of pdfTeX for LuaTeX (HO
)
Package pdftexcmds Info: LuaTeX not detected.
Package pdftexcmds Info: \pdf@primitive is available.
Package pdftexcmds Info: \pdf@ifprimitive is available.
Package pdftexcmds Info: \pdfdraftmode found.
)
Package grfext Info: Graphics extension search list:
(grfext)             [.png,.pdf,.jpg,.mps,.jpeg,.jbig2,.jb2,.PNG,.PDF,.JPG,.JPE
G,.JBIG2,.JB2,.eps]
(grfext)             \AppendGraphicsExtensions on input line 452.
))
(report.aux)
LaTeX Font Info:    Checking defaults for OML/cmm/m/it on input line 31.
LaTeX Font Info:    ... okay on input line 31.
LaTeX Font Info:    Checking defaults for T1/cmr/m/n on input line 31.
LaTeX Font Info:    ... okay on input line 31.
LaTeX Font Info:    Checking defaults for OT1/cmr/m/n on input line 31.
LaTeX Font Info:    ... okay on input line 31.
LaTeX Font Info:    Checking defaults for OMS/cmsy/m/n on input line 31.
LaTeX Font Info:    ... okay on input line 31.
LaTeX Font Info:    Checking defaults for OMX/cmex/m/n on input line 31.
LaTeX Font Info:    ... okay on input line 31.
LaTeX Font Info:    Checking defaults for U/cmr/m/n on input line 31.
LaTeX Font Info:    ... okay on input line 31.

*geometry* driver: auto-detecting
*geometry* detected driver: pdftex
*geometry* verbose mode - [ preamble ] result:
* driver: pdftex
* paper: a4paper
* layout: <same size as paper>
* layoutoffset:(h,v)=(0.0pt,0.0pt)
* modes: 
* h-part:(L,W,R)=(56.9055pt, 483.69684pt, 56.90553pt)
* v-part:(T,H,B)=(56.9055pt, 731.23582pt, 56.90552pt)
* \paperwidth=597.50787pt
* \paperheight=845.04684pt
* \textwidth=483.69684pt
* \textheight=731.23582pt
* \oddsidemargin=-15.36449pt
* \evensidemargin=-15.36449pt
* \topmargin=-52.36449pt
* \headheight=12.0pt
* \headsep=25.0pt
* \topskip=12.0pt
* \footskip=30.0pt
* \marginparwidth=35.0pt
* \marginparsep=10.0pt
* \columnsep=10.0pt
* \skip\footins=10.8pt plus 4.0pt minus 2.0pt
* \hoffset=0.0pt
* \voffset=0.0pt
* \mag=1000
* \@twocolumnfalse
* \@twosidefalse
* \@mparswitchfalse
* \@reversemarginfalse
* (1in=72.27pt=25.4mm, 1cm=28.453pt)

("C:\Program Files\MiKTeX 2.9\tex\context\base\supp-pdf.mkii"
[Loading MPS to PDF converter (version 2006.09.02).]
\scratchcounter=\count122
\scratchdimen=\dimen144
\scratchbox=\box32
\nofMPsegments=\count123
\nofMParguments=\count124
\everyMPshowfont=\toks24
\MPscratchCnt=\count125
\MPscratchDim=\dimen145
\MPnumerator=\count126
\makeMPintoPDFobject=\count127
\everyMPtoPDFconversion=\toks25
)
Package caption Info: Begin \AtBeginDocument code.
Package caption Info: listings package is loaded.
Package caption Info: End \AtBeginDocument code.
\c@lstlisting=\count128
LaTeX Font Info:    Try loading font information for U+wasy on input line 33.
 ("C:\Program Files\MiKTeX 2.9\tex\latex\wasysym\uwasy.fd"
File: uwasy.fd 2003/10/30 v2.0 Wasy-2 symbol font definitions
)
LaTeX Font Info:    Try loading font information for OMS+cmr on input line 59.

("C:\Program Files\MiKTeX 2.9\tex\latex\base\omscmr.fd"
File: omscmr.fd 2014/09/29 v2.5h Standard LaTeX font definitions
)
LaTeX Font Info:    Font shape `OMS/cmr/m/n' in size <10.95> not available
(Font)              Font shape `OMS/cmsy/m/n' tried instead on input line 59.
 [1

{C:/Users/anusha/AppData/Local/MiKTeX/2.9/pdftex/config/pdftex.map}]
Package epstopdf Info: Source file: <figure/1N19.eps>
(epstopdf)                    date: 2015-11-28 11:43:03
(epstopdf)                    size: 23992 bytes
(epstopdf)             Output file: <figure/1N19-eps-converted-to.pdf>
(epstopdf)                    date: 2015-11-28 11:43:03
(epstopdf)                    size: 17640 bytes
(epstopdf)             Command: <epstopdf --outfile=figure/1N19-eps-converted-t
o.pdf figure/1N19.eps>
(epstopdf)             \includegraphics on input line 94.
Package epstopdf Info: Output file is already uptodate.

<figure/1N19-eps-converted-to.pdf, id=14, 1883.035pt x 1015.795pt>
File: figure/1N19-eps-converted-to.pdf Graphic file (type pdf)

<use figure/1N19-eps-converted-to.pdf>
Package pdftex.def Info: figure/1N19-eps-converted-to.pdf used on input line 94
.
(pdftex.def)             Requested size: 227.62204pt x 122.78912pt.
Package epstopdf Info: Source file: <figure/1N30.eps>
(epstopdf)                    date: 2015-11-28 11:43:03
(epstopdf)                    size: 25238 bytes
(epstopdf)             Output file: <figure/1N30-eps-converted-to.pdf>
(epstopdf)                    date: 2015-11-28 11:43:03
(epstopdf)                    size: 19291 bytes
(epstopdf)             Command: <epstopdf --outfile=figure/1N30-eps-converted-t
o.pdf figure/1N30.eps>
(epstopdf)             \includegraphics on input line 98.
Package epstopdf Info: Output file is already uptodate.

<figure/1N30-eps-converted-to.pdf, id=15, 1883.035pt x 1015.795pt>
File: figure/1N30-eps-converted-to.pdf Graphic file (type pdf)

<use figure/1N30-eps-converted-to.pdf>
Package pdftex.def Info: figure/1N30-eps-converted-to.pdf used on input line 98
.
(pdftex.def)             Requested size: 227.62204pt x 122.78912pt.
 [2]
Package epstopdf Info: Source file: <figure/2N75.eps>
(epstopdf)                    date: 2015-11-28 11:43:03
(epstopdf)                    size: 25069 bytes
(epstopdf)             Output file: <figure/2N75-eps-converted-to.pdf>
(epstopdf)                    date: 2015-11-28 11:43:03
(epstopdf)                    size: 14883 bytes
(epstopdf)             Command: <epstopdf --outfile=figure/2N75-eps-converted-t
o.pdf figure/2N75.eps>
(epstopdf)             \includegraphics on input line 118.
Package epstopdf Info: Output file is already uptodate.

<figure/2N75-eps-converted-to.pdf, id=20, 1901.1025pt x 1015.795pt>
File: figure/2N75-eps-converted-to.pdf Graphic file (type pdf)

<use figure/2N75-eps-converted-to.pdf>
Package pdftex.def Info: figure/2N75-eps-converted-to.pdf used on input line 11
8.
(pdftex.def)             Requested size: 227.62204pt x 121.61115pt.
Package epstopdf Info: Source file: <figure/2N199.eps>
(epstopdf)                    date: 2015-11-28 11:43:03
(epstopdf)                    size: 29500 bytes
(epstopdf)             Output file: <figure/2N199-eps-converted-to.pdf>
(epstopdf)                    date: 2015-11-28 11:43:03
(epstopdf)                    size: 16902 bytes
(epstopdf)             Command: <epstopdf --outfile=figure/2N199-eps-converted-
to.pdf figure/2N199.eps>
(epstopdf)             \includegraphics on input line 122.
Package epstopdf Info: Output file is already uptodate.

<figure/2N199-eps-converted-to.pdf, id=21, 1901.1025pt x 1015.795pt>
File: figure/2N199-eps-converted-to.pdf Graphic file (type pdf)

<use figure/2N199-eps-converted-to.pdf>
Package pdftex.def Info: figure/2N199-eps-converted-to.pdf used on input line 1
22.
(pdftex.def)             Requested size: 227.62204pt x 121.61115pt.
Package epstopdf Info: Source file: <figure/3N20.eps>
(epstopdf)                    date: 2015-11-28 11:43:03
(epstopdf)                    size: 26522 bytes
(epstopdf)             Output file: <figure/3N20-eps-converted-to.pdf>
(epstopdf)                    date: 2015-11-28 11:43:03
(epstopdf)                    size: 17043 bytes
(epstopdf)             Command: <epstopdf --outfile=figure/3N20-eps-converted-t
o.pdf figure/3N20.eps>
(epstopdf)             \includegraphics on input line 142.
Package epstopdf Info: Output file is already uptodate.

<figure/3N20-eps-converted-to.pdf, id=22, 1899.095pt x 1015.795pt>
File: figure/3N20-eps-converted-to.pdf Graphic file (type pdf)

<use figure/3N20-eps-converted-to.pdf>
Package pdftex.def Info: figure/3N20-eps-converted-to.pdf used on input line 14
2.
(pdftex.def)             Requested size: 227.62204pt x 121.75064pt.
Package epstopdf Info: Source file: <figure/3N99.eps>
(epstopdf)                    date: 2015-11-28 11:43:03
(epstopdf)                    size: 29497 bytes
(epstopdf)             Output file: <figure/3N99-eps-converted-to.pdf>
(epstopdf)                    date: 2015-11-28 11:43:03
(epstopdf)                    size: 18459 bytes
(epstopdf)             Command: <epstopdf --outfile=figure/3N99-eps-converted-t
o.pdf figure/3N99.eps>
(epstopdf)             \includegraphics on input line 146.
Package epstopdf Info: Output file is already uptodate.

<figure/3N99-eps-converted-to.pdf, id=23, 1899.095pt x 1015.795pt>
File: figure/3N99-eps-converted-to.pdf Graphic file (type pdf)

<use figure/3N99-eps-converted-to.pdf>
Package pdftex.def Info: figure/3N99-eps-converted-to.pdf used on input line 14
6.
(pdftex.def)             Requested size: 227.62204pt x 121.75064pt.
 [3 <./figure/1N19-eps-converted-to.pdf> <./figure/1N30-eps-converted-to.pdf> <
./figure/2N75-eps-converted-to.pdf> <./figure/2N199-eps-converted-to.pdf>] [4 <
./figure/3N20-eps-converted-to.pdf> <./figure/3N99-eps-converted-to.pdf>]
Package epstopdf Info: Source file: <figure/4N9.eps>
(epstopdf)                    date: 2015-11-30 12:32:52
(epstopdf)                    size: 35543 bytes
(epstopdf)             Output file: <figure/4N9-eps-converted-to.pdf>
(epstopdf)                    date: 2015-11-30 12:32:52
(epstopdf)                    size: 20889 bytes
(epstopdf)             Command: <epstopdf --outfile=figure/4N9-eps-converted-to
.pdf figure/4N9.eps>
(epstopdf)             \includegraphics on input line 246.
Package epstopdf Info: Output file is already uptodate.

<figure/4N9-eps-converted-to.pdf, id=216, 1899.095pt x 1015.795pt>
File: figure/4N9-eps-converted-to.pdf Graphic file (type pdf)

<use figure/4N9-eps-converted-to.pdf>
Package pdftex.def Info: figure/4N9-eps-converted-to.pdf used on input line 246
.
(pdftex.def)             Requested size: 341.43306pt x 182.61821pt.
 (report.bbl) [5 <./figure/4N9-eps-converted-to.pdf>] (report.aux) )
(\end occurred inside a group at level 1)

### simple group (level 1) entered at line 38 ({)
### bottom level 
Here is how much of TeX's memory you used:
 5877 strings out of 493636
 90291 string characters out of 3143752
 164429 words of memory out of 3000000
 9164 multiletter control sequences out of 15000+200000
 13389 words of font info for 50 fonts, out of 3000000 for 9000
 1025 hyphenation exceptions out of 8191
 42i,10n,38p,657b,514s stack positions out of 5000i,500n,10000p,200000b,50000s
<C:/Program Files/MiKTeX 2.9/fonts/type1/public/amsfonts/cm/cmb
x10.pfb><C:/Program Files/MiKTeX 2.9/fonts/type1/public/amsfonts/cm/cmbx12.pfb>
<C:/Program Files/MiKTeX 2.9/fonts/type1/public/amsfonts/cm/cmex10.pfb><C:/Prog
ram Files/MiKTeX 2.9/fonts/type1/public/amsfonts/cm/cmmi10.pfb><C:/Program File
s/MiKTeX 2.9/fonts/type1/public/amsfonts/cm/cmmi12.pfb><C:/Program Files/MiKTeX
 2.9/fonts/type1/public/amsfonts/cm/cmmi6.pfb><C:/Program Files/MiKTeX 2.9/font
s/type1/public/amsfonts/cm/cmmi8.pfb><C:/Program Files/MiKTeX 2.9/fonts/type1/p
ublic/amsfonts/cm/cmr10.pfb><C:/Program Files/MiKTeX 2.9/fonts/type1/public/ams
fonts/cm/cmr12.pfb><C:/Program Files/MiKTeX 2.9/fonts/type1/public/amsfonts/cm/
cmr17.pfb><C:/Program Files/MiKTeX 2.9/fonts/type1/public/amsfonts/cm/cmr6.pfb>
<C:/Program Files/MiKTeX 2.9/fonts/type1/public/amsfonts/cm/cmr8.pfb><C:/Progra
m Files/MiKTeX 2.9/fonts/type1/public/amsfonts/cm/cmsy10.pfb><C:/Program Files/
MiKTeX 2.9/fonts/type1/public/amsfonts/cm/cmsy6.pfb><C:/Program Files/MiKTeX 2.
9/fonts/type1/public/amsfonts/cm/cmsy8.pfb><C:/Program Files/MiKTeX 2.9/fonts/t
ype1/public/amsfonts/cm/cmti10.pfb><C:/Program Files/MiKTeX 2.9/fonts/type1/pub
lic/amsfonts/cm/cmtt10.pfb>
Output written on report.pdf (5 pages, 317933 bytes).
PDF statistics:
 310 PDF objects out of 1000 (max. 8388607)
 0 named destinations out of 1000 (max. 500000)
 36 words of extra memory for PDF output out of 10000 (max. 10000000)

